C:\Program Files\Microsoft Visual Studio\2022\Community\MSBuild\Microsoft\VC\v170\Microsoft.CppBuild.targets(514,5): warning MSB8028: The intermediate directory (x64\Debug\) contains files shared from another project (HotLeadAction.vcxproj, OGL_1.vcxproj).  This can lead to incorrect clean and rebuild behavior.
  SoundController.cpp
C:\Users\artem\Documents\programming\HotLEadACtion\TowerDefense\Audio\SoundController.cpp(54,28): warning C4267: 'return': conversion from 'size_t' to 'int', possible loss of data
  EBO.cpp
  FBO.cpp
  FinalRect.cpp
  stb.cpp
  VAO.cpp
C:\Users\artem\Documents\programming\HotLEadACtion\TowerDefense\BackEnd\VAO.cpp(9,62): warning C4244: 'argument': conversion from 'GLsizeiptr' to 'GLsizei', possible loss of data
  VBO.cpp
  BaseObject.cpp
C:\Users\artem\Documents\programming\HotLEadACtion\TowerDefense\Game\BaseObject.cpp(109,30): warning C4267: 'return': conversion from 'size_t' to 'int', possible loss of data
  Game.cpp
C:\Users\artem\Documents\programming\HotLEadACtion\TowerDefense\Game\Game.cpp(56,53): warning C4244: 'argument': conversion from 'double' to 'float', possible loss of data
C:\Users\artem\Documents\programming\HotLEadACtion\TowerDefense\Game\Game.cpp(56,47): warning C4244: 'argument': conversion from 'double' to 'float', possible loss of data
  AnimatedSprite.cpp
C:\Users\artem\Documents\programming\HotLEadACtion\TowerDefense\Graphics\AnimatedSprite.cpp(37,30): warning C4244: '=': conversion from 'int' to 'float', possible loss of data
C:\Users\artem\Documents\programming\HotLEadACtion\TowerDefense\Graphics\AnimatedSprite.cpp(38,30): warning C4244: '=': conversion from 'int' to 'float', possible loss of data
C:\Users\artem\Documents\programming\HotLEadACtion\TowerDefense\Graphics\AnimatedSprite.cpp(60,31): warning C4244: '=': conversion from 'int' to 'float', possible loss of data
  Graphic.cpp
  Renderer.cpp
C:\Users\artem\Documents\programming\HotLEadACtion\TowerDefense\Graphics\Renderer.cpp(28,43): warning C4244: 'argument': conversion from 'float' to 'int', possible loss of data
C:\Users\artem\Documents\programming\HotLEadACtion\TowerDefense\Graphics\Renderer.cpp(28,28): warning C4244: 'argument': conversion from 'float' to 'int', possible loss of data
C:\Users\artem\Documents\programming\HotLEadACtion\TowerDefense\Graphics\Renderer.cpp(83,55): warning C4244: 'argument': conversion from 'float' to 'int', possible loss of data
C:\Users\artem\Documents\programming\HotLEadACtion\TowerDefense\Graphics\Renderer.cpp(83,40): warning C4244: 'argument': conversion from 'float' to 'int', possible loss of data
C:\Users\artem\Documents\programming\HotLEadACtion\TowerDefense\Graphics\Renderer.cpp(92,45): warning C4244: 'argument': conversion from 'float' to 'GLsizei', possible loss of data
C:\Users\artem\Documents\programming\HotLEadACtion\TowerDefense\Graphics\Renderer.cpp(92,30): warning C4244: 'argument': conversion from 'float' to 'GLsizei', possible loss of data
C:\Users\artem\Documents\programming\HotLEadACtion\TowerDefense\Graphics\Renderer.cpp(177,34): warning C4267: 'return': conversion from 'size_t' to 'int', possible loss of data
  ShaderClass.cpp
  Sprite.cpp
  Texture.cpp
  MouseEvent.cpp
  MouseEventController.cpp
  Main.cpp
C:\Users\artem\Documents\programming\HotLEadACtion\TowerDefense\Main.cpp(29,19): warning C4244: 'initializing': conversion from 'double' to 'float', possible loss of data
  BoxBounds.cpp
  Matrix4x4.cpp
  Generating Code...
  Compiling...
  Basewindow.cpp
  Button.cpp
  Text.cpp
C:\Users\artem\Documents\programming\HotLEadACtion\TowerDefense\UI\Text.cpp(12,34): warning C4267: '=': conversion from 'size_t' to 'int', possible loss of data
C:\Users\artem\Documents\programming\HotLEadACtion\TowerDefense\UI\Text.cpp(126,19): warning C4244: '=': conversion from 'int' to 'float', possible loss of data
C:\Users\artem\Documents\programming\HotLEadACtion\TowerDefense\UI\Text.cpp(136,19): warning C4244: '=': conversion from 'int' to 'float', possible loss of data
C:\Users\artem\Documents\programming\HotLEadACtion\TowerDefense\UI\Text.cpp(146,23): warning C4244: '=': conversion from 'int' to 'float', possible loss of data
C:\Users\artem\Documents\programming\HotLEadACtion\TowerDefense\UI\Text.cpp(156,24): warning C4244: '=': conversion from 'int' to 'float', possible loss of data
C:\Users\artem\Documents\programming\HotLEadACtion\TowerDefense\UI\Text.cpp(166,25): warning C4244: '=': conversion from 'int' to 'float', possible loss of data
C:\Users\artem\Documents\programming\HotLEadACtion\TowerDefense\UI\Text.cpp(175,25): warning C4244: '=': conversion from 'int' to 'float', possible loss of data
C:\Users\artem\Documents\programming\HotLEadACtion\TowerDefense\UI\Text.cpp(184,26): warning C4244: '=': conversion from 'int' to 'float', possible loss of data
C:\Users\artem\Documents\programming\HotLEadACtion\TowerDefense\UI\Text.cpp(244,17): warning C4244: 'initializing': conversion from 'float' to 'int', possible loss of data
  UIFactory.cpp
C:\Users\artem\Documents\programming\HotLEadACtion\TowerDefense\UI\UIFactory.h(10,2): warning C4094: untagged 'class' declared no symbols
  Callback.cpp
  Generating Code...
  glad.c
  OGL_1.vcxproj -> C:\Users\artem\Documents\programming\HotLEadACtion\TowerDefense\x64\Debug\TowerDefense.exe
